
> transform-mindset-hub@0.1.0 build
> next build

▲ Next.js 16.2.3 (Turbopack)
- Environments: .env

  Creating an optimized production build ...

> Build error occurred
Error: Turbopack build failed with 6 errors:
./src/components/reconectate/FAQ.tsx:4:1
Module not found: Can't resolve '@/components/ui/accordion'
  [90m2 |[0m ...[32m"react"[0m;
  [90m3 |[0m ...[36mfrom[0m [32m"framer-motion"[0m;
[31m[1m>[0m [90m4 |[0m ..., [33mAccordionContent[0m, [33mAccordionItem[0m, [33mAccordionTrigger[0m } [36mfrom[0m [32m"@/compon...[0m
  [90m  |[0m    [31m[1m^^^^^^^^^^^^^^^^^^^^^^^^^^^^^^^^^^^^^^^^^^^^^^^^^^^^^^^^^^^^^^^^^^^^^^^[0m
  [90m5 |[0m ...
  [90m6 |[0m ...{
  [90m7 |[0m ...[

Import map: aliased to relative './src/components/ui/accordion' inside of [project]/


Import trace:
  Server Component:
    ./src/components/reconectate/FAQ.tsx
    ./src/app/re-conectate/page.tsx

https://nextjs.org/docs/messages/module-not-found


./src/components/reconectate/ModulesAccordion.tsx:4:1
Module not found: Can't resolve '@/components/ui/accordion'
  [90m2 |[0m ...[32m"react"[0m;
  [90m3 |[0m ...[36mfrom[0m [32m"framer-motion"[0m;
[31m[1m>[0m [90m4 |[0m ..., [33mAccordionContent[0m, [33mAccordionItem[0m, [33mAccordionTrigger[0m } [36mfrom[0m [32m"@/compon...[0m
  [90m  |[0m    [31m[1m^^^^^^^^^^^^^^^^^^^^^^^^^^^^^^^^^^^^^^^^^^^^^^^^^^^^^^^^^^^^^^^^^^^^^^^[0m
  [90m5 |[0m ...
  [90m6 |[0m ...[33mdion[0m = () => {
  [90m7 |[0m ...[

Import map: aliased to relative './src/components/ui/accordion' inside of [project]/


Import trace:
  Server Component:
    ./src/components/reconectate/ModulesAccordion.tsx
    ./src/app/re-conectate/page.tsx

https://nextjs.org/docs/messages/module-not-found


./src/components/reconectate/Bonuses.tsx:5:1
Module not found: Can't resolve '@/components/ui/button'
  [90m3 |[0m [36mimport[0m { motion } [36mfrom[0m [32m"framer-motion"[0m;
  [90m4 |[0m [36mimport[0m { [33mGift[0m, [33mBookOpen[0m, [33mUsers[0m } [36mfrom[0m [32m"lucide-react"[0m;
[31m[1m>[0m [90m5 |[0m [36mimport[0m { [33mButton[0m } [36mfrom[0m [32m"@/components/ui/button"[0m;
  [90m  |[0m [31m[1m^^^^^^^^^^^^^^^^^^^^^^^^^^^^^^^^^^^^^^^^^^^^^^^^[0m
  [90m6 |[0m
  [90m7 |[0m [36mconst[0m [33mBonuses[0m = () => {
  [90m8 |[0m   [36mconst[0m bonusesData = [

Import map: aliased to relative './src/components/ui/button' inside of [project]/


Import trace:
  Server Component:
    ./src/components/reconectate/Bonuses.tsx
    ./src/app/re-conectate/page.tsx

https://nextjs.org/docs/messages/module-not-found


./src/components/reconectate/FinalCTA.tsx:4:1
Module not found: Can't resolve '@/components/ui/button'
  [90m2 |[0m [36mimport[0m [33mReact[0m, { useEffect, useState } [36mfrom[0m [32m"react"[0m;
  [90m3 |[0m [36mimport[0m { motion } [36mfrom[0m [32m"framer-motion"[0m;
[31m[1m>[0m [90m4 |[0m [36mimport[0m { [33mButton[0m } [36mfrom[0m [32m"@/components/ui/button"[0m;
  [90m  |[0m [31m[1m^^^^^^^^^^^^^^^^^^^^^^^^^^^^^^^^^^^^^^^^^^^^^^^^[0m
  [90m5 |[0m [36mimport[0m { [33mCheck[0m, [33mClock[0m, [33mLock[0m } [36mfrom[0m [32m"lucide-react"[0m;
  [90m6 |[0m [36mimport[0m { [33mVisaIcon[0m, [33mMastercardIcon[0m, [33mPaypalIcon[0m } [36mfrom[0m [32m"@/components/reco...[0m
  [90m7 |[0m

Import map: aliased to relative './src/components/ui/button' inside of [project]/


Import trace:
  Server Component:
    ./src/components/reconectate/FinalCTA.tsx
    ./src/app/re-conectate/page.tsx

https://nextjs.org/docs/messages/module-not-found


./src/components/reconectate/Hero.tsx:4:1
Module not found: Can't resolve '@/components/ui/button'
  [90m2 |[0m [36mimport[0m [33mReact[0m [36mfrom[0m [32m"react"[0m;
  [90m3 |[0m [36mimport[0m { motion } [36mfrom[0m [32m"framer-motion"[0m;
[31m[1m>[0m [90m4 |[0m [36mimport[0m { [33mButton[0m } [36mfrom[0m [32m"@/components/ui/button"[0m;
  [90m  |[0m [31m[1m^^^^^^^^^^^^^^^^^^^^^^^^^^^^^^^^^^^^^^^^^^^^^^^^[0m
  [90m5 |[0m
  [90m6 |[0m [36mconst[0m [33mHero[0m = () => {
  [90m7 |[0m   [36mconst[0m handleCTA = () => {

Import map: aliased to relative './src/components/ui/button' inside of [project]/


Import trace:
  Server Component:
    ./src/components/reconectate/Hero.tsx
    ./src/app/re-conectate/page.tsx

https://nextjs.org/docs/messages/module-not-found


./src/components/reconectate/Offer.tsx:5:1
Module not found: Can't resolve '@/components/ui/button'
  [90m3 |[0m [36mimport[0m { motion } [36mfrom[0m [32m"framer-motion"[0m;
  [90m4 |[0m [36mimport[0m { [33mCheck[0m } [36mfrom[0m [32m"lucide-react"[0m;
[31m[1m>[0m [90m5 |[0m [36mimport[0m { [33mButton[0m } [36mfrom[0m [32m"@/components/ui/button"[0m;
  [90m  |[0m [31m[1m^^^^^^^^^^^^^^^^^^^^^^^^^^^^^^^^^^^^^^^^^^^^^^^^[0m
  [90m6 |[0m [36mimport[0m [33mModulesAccordion[0m [36mfrom[0m [32m"@/components/reconectate/ModulesAccordion"[0m;
  [90m7 |[0m
  [90m8 |[0m [36mconst[0m [33mOffer[0m = () => {

Import map: aliased to relative './src/components/ui/button' inside of [project]/


Import trace:
  Server Component:
    ./src/components/reconectate/Offer.tsx
    ./src/app/re-conectate/page.tsx

https://nextjs.org/docs/messages/module-not-found


    at <unknown> (./src/components/reconectate/FAQ.tsx:4:1)
    at <unknown> (https://nextjs.org/docs/messages/module-not-found)
    at <unknown> (./src/components/reconectate/ModulesAccordion.tsx:4:1)
    at <unknown> (https://nextjs.org/docs/messages/module-not-found)
    at <unknown> (./src/components/reconectate/Bonuses.tsx:5:1)
    at <unknown> (https://nextjs.org/docs/messages/module-not-found)
    at <unknown> (./src/components/reconectate/FinalCTA.tsx:4:1)
    at <unknown> (https://nextjs.org/docs/messages/module-not-found)
    at <unknown> (./src/components/reconectate/Hero.tsx:4:1)
    at <unknown> (https://nextjs.org/docs/messages/module-not-found)
    at <unknown> (./src/components/reconectate/Offer.tsx:5:1)
    at <unknown> (https://nextjs.org/docs/messages/module-not-found)
